<?xml version="1.0" encoding="UTF-8"?>
<!-- Generated by org.testng.reporters.JUnitXMLReporter -->
<testsuite ignored="0" hostname="DESKTOP-T1FQ5IU" failures="0" tests="19" name="class" time="5.41" errors="0" timestamp="2025-04-20T10:44:00 IST">
  <testcase classname="TestCases.com_testcase_brokenlink" name="@BeforeTest registerPageNavigation" time="5.037">
    <failure type="org.openqa.selenium.SessionNotCreatedException" message="Could not start a new session. Response code 500. Message: session not created: This version of ChromeDriver only supports Chrome version 114
Current browser version is 135.0.7049.96 with binary path C:\Program Files\Google\Chrome\Application\chrome.exe 
Host info: host: &amp;apos;DESKTOP-T1FQ5IU&amp;apos;, ip: &amp;apos;192.168.29.129&amp;apos;
Build info: version: &amp;apos;4.28.1&amp;apos;, revision: &amp;apos;73f5ad48a2&amp;apos;
System info: os.name: &amp;apos;Windows 11&amp;apos;, os.arch: &amp;apos;amd64&amp;apos;, os.version: &amp;apos;10.0&amp;apos;, java.version: &amp;apos;23.0.1&amp;apos;
Driver info: org.openqa.selenium.chrome.ChromeDriver
Command: [null, newSession {capabilities=[Capabilities {browserName: chrome, goog:chromeOptions: {args: [], extensions: [], prefs: {download.default_directory: C:\Users\Dell\eclipse-works..., download.prompt_for_download: false, safebrowsing.enabled: true}}}]}]">
      <![CDATA[org.openqa.selenium.SessionNotCreatedException: Could not start a new session. Response code 500. Message: session not created: This version of ChromeDriver only supports Chrome version 114
Current browser version is 135.0.7049.96 with binary path C:\Program Files\Google\Chrome\Application\chrome.exe 
Host info: host: 'DESKTOP-T1FQ5IU', ip: '192.168.29.129'
Build info: version: '4.28.1', revision: '73f5ad48a2'
System info: os.name: 'Windows 11', os.arch: 'amd64', os.version: '10.0', java.version: '23.0.1'
Driver info: org.openqa.selenium.chrome.ChromeDriver
Command: [null, newSession {capabilities=[Capabilities {browserName: chrome, goog:chromeOptions: {args: [], extensions: [], prefs: {download.default_directory: C:\Users\Dell\eclipse-works..., download.prompt_for_download: false, safebrowsing.enabled: true}}}]}]
at org.openqa.selenium.remote.ProtocolHandshake.createSession(ProtocolHandshake.java:114)
at org.openqa.selenium.remote.ProtocolHandshake.createSession(ProtocolHandshake.java:75)
at org.openqa.selenium.remote.ProtocolHandshake.createSession(ProtocolHandshake.java:61)
at org.openqa.selenium.remote.HttpCommandExecutor.execute(HttpCommandExecutor.java:187)
at org.openqa.selenium.remote.service.DriverCommandExecutor.invokeExecute(DriverCommandExecutor.java:216)
at org.openqa.selenium.remote.service.DriverCommandExecutor.execute(DriverCommandExecutor.java:174)
at org.openqa.selenium.remote.RemoteWebDriver.execute(RemoteWebDriver.java:545)
at org.openqa.selenium.remote.RemoteWebDriver.startSession(RemoteWebDriver.java:245)
at org.openqa.selenium.remote.RemoteWebDriver.<init>(RemoteWebDriver.java:174)
at org.openqa.selenium.chromium.ChromiumDriver.<init>(ChromiumDriver.java:114)
at org.openqa.selenium.chrome.ChromeDriver.<init>(ChromeDriver.java:88)
at org.openqa.selenium.chrome.ChromeDriver.<init>(ChromeDriver.java:83)
at org.openqa.selenium.chrome.ChromeDriver.<init>(ChromeDriver.java:72)
at driverIntializer.driverIntializer.launchdriver(driverIntializer.java:35)
at TestCases.com_testcase_brokenlink.registerPageNavigation(com_testcase_brokenlink.java:39)
... Removed 22 stack frames]]>
    </failure>
  </testcase> <!-- @BeforeTest registerPageNavigation -->
  <testcase classname="TestCases.com_testcase_calender" name="@BeforeTest registerPageNavigation" time="0.0">
    <skipped/>
  </testcase> <!-- @BeforeTest registerPageNavigation -->
  <testcase classname="TestCases.com_testcase_datatble" name="@BeforeTest registerPageNavigation" time="0.0">
    <skipped/>
  </testcase> <!-- @BeforeTest registerPageNavigation -->
  <testcase classname="TestCases.com_testcase_download_upload" name="@BeforeTest registerPageNavigation" time="0.0">
    <skipped/>
  </testcase> <!-- @BeforeTest registerPageNavigation -->
  <testcase classname="TestCases.com_testcase_mousehover" name="@BeforeTest registerPageNavigation" time="0.0">
    <skipped/>
  </testcase> <!-- @BeforeTest registerPageNavigation -->
  <testcase classname="TestCases.com_testcase_pagination" name="@BeforeTest registerPageNavigation" time="0.0">
    <skipped/>
  </testcase> <!-- @BeforeTest registerPageNavigation -->
  <testcase classname="TestCases.com_testcase_registerpage" name="@BeforeTest registerPageNavigation" time="0.0">
    <skipped/>
  </testcase> <!-- @BeforeTest registerPageNavigation -->
  <testcase classname="TestCases.com_testcase_staleelementException" name="@BeforeTest registerPageNavigation" time="0.0">
    <skipped/>
  </testcase> <!-- @BeforeTest registerPageNavigation -->
  <testcase classname="TestCases.com_testcase_switchgToWindow" name="@BeforeTest registerPageNavigation" time="0.0">
    <skipped/>
  </testcase> <!-- @BeforeTest registerPageNavigation -->
  <testcase classname="TestCases.com_testcase_verifyAlert" name="@BeforeTest registerPageNavigation" time="0.0">
    <skipped/>
  </testcase> <!-- @BeforeTest registerPageNavigation -->
  <testcase classname="TestCases.com_testcase_verifyframe" name="@BeforeTest registerPageNavigation" time="0.0">
    <skipped/>
  </testcase> <!-- @BeforeTest registerPageNavigation -->
  <testcase classname="TestCases.com_testcase_wait" name="@BeforeTest registerPageNavigation" time="0.0">
    <skipped/>
  </testcase> <!-- @BeforeTest registerPageNavigation -->
  <testcase classname="TestCases.com_testcase_brokenlink" name="@AfterTest closeBrowser" time="0.0">
    <skipped/>
  </testcase> <!-- @AfterTest closeBrowser -->
  <testcase classname="TestCases.com_testcase_calender" name="@AfterTest closeBrowser" time="0.0">
    <skipped/>
  </testcase> <!-- @AfterTest closeBrowser -->
  <testcase classname="TestCases.com_testcase_datatble" name="@AfterTest closeBrowser" time="0.0">
    <skipped/>
  </testcase> <!-- @AfterTest closeBrowser -->
  <testcase classname="TestCases.com_testcase_download_upload" name="@AfterTest closeBrowser" time="0.0">
    <skipped/>
  </testcase> <!-- @AfterTest closeBrowser -->
  <testcase classname="TestCases.com_testcase_mousehover" name="@AfterTest closeBrowser" time="0.0">
    <skipped/>
  </testcase> <!-- @AfterTest closeBrowser -->
  <testcase classname="TestCases.com_testcase_pagination" name="@AfterTest closeBrowser" time="0.0">
    <skipped/>
  </testcase> <!-- @AfterTest closeBrowser -->
  <testcase classname="TestCases.com_testcase_registerpage" name="@AfterTest closeBrowser" time="0.0">
    <skipped/>
  </testcase> <!-- @AfterTest closeBrowser -->
  <testcase classname="TestCases.com_testcase_staleelementException" name="@AfterTest closeBrowser" time="0.0">
    <skipped/>
  </testcase> <!-- @AfterTest closeBrowser -->
  <testcase classname="TestCases.com_testcase_switchgToWindow" name="@AfterTest closeBrowser" time="0.0">
    <skipped/>
  </testcase> <!-- @AfterTest closeBrowser -->
  <testcase classname="TestCases.com_testcase_verifyAlert" name="@AfterTest closeBrowser" time="0.0">
    <skipped/>
  </testcase> <!-- @AfterTest closeBrowser -->
  <testcase classname="TestCases.com_testcase_verifyframe" name="@AfterTest closeBrowser" time="0.0">
    <skipped/>
  </testcase> <!-- @AfterTest closeBrowser -->
  <testcase classname="TestCases.com_testcase_wait" name="@AfterTest closeBrowser" time="0.0">
    <skipped/>
  </testcase> <!-- @AfterTest closeBrowser -->
  <testcase classname="TestCases.com_testcase_registerpage" name="enterContactInformation" time="0.0">
    <skipped/>
  </testcase> <!-- enterContactInformation -->
  <testcase classname="TestCases.com_testcase_registerpage" name="enterMailingInformation" time="0.001">
    <skipped/>
  </testcase> <!-- enterMailingInformation -->
  <testcase classname="TestCases.com_testcase_registerpage" name="enterUserInformation" time="0.0">
    <skipped/>
  </testcase> <!-- enterUserInformation -->
  <testcase classname="TestCases.com_testcase_datatble" name="enterContactInformation" time="0.0">
    <skipped/>
  </testcase> <!-- enterContactInformation -->
  <testcase classname="TestCases.com_testcase_verifyframe" name="handleframe" time="0.0">
    <skipped/>
  </testcase> <!-- handleframe -->
  <testcase classname="TestCases.com_testcase_brokenlink" name="enterContactInformation" time="0.0">
    <skipped/>
  </testcase> <!-- enterContactInformation -->
  <testcase classname="TestCases.com_testcase_brokenlink" name="enterContactInformation1" time="0.001">
    <skipped/>
  </testcase> <!-- enterContactInformation1 -->
  <testcase classname="TestCases.com_testcase_brokenlink" name="enterContactInformation2" time="0.0">
    <skipped/>
  </testcase> <!-- enterContactInformation2 -->
  <testcase classname="TestCases.com_testcase_verifyAlert" name="handleAert" time="0.0">
    <skipped/>
  </testcase> <!-- handleAert -->
  <testcase classname="TestCases.com_testcase_verifyAlert" name="enterMessageInalert" time="0.0">
    <skipped/>
  </testcase> <!-- enterMessageInalert -->
  <testcase classname="TestCases.com_testcase_verifyAlert" name="handleConfirmBox" time="0.0">
    <skipped/>
  </testcase> <!-- handleConfirmBox -->
  <testcase classname="TestCases.com_testcase_download_upload" name="enterContactInformation" time="0.001">
    <skipped/>
  </testcase> <!-- enterContactInformation -->
  <testcase classname="TestCases.com_testcase_mousehover" name="enterContactInformation" time="0.0">
    <skipped/>
  </testcase> <!-- enterContactInformation -->
  <testcase classname="API_TestCases.com_API_testcase_createUser" name="enterContactInformation" time="0.0">
    <skipped/>
  </testcase> <!-- enterContactInformation -->
  <testcase classname="TestCases.com_testcase_wait" name="enterContactInformation" time="0.0">
    <skipped/>
  </testcase> <!-- enterContactInformation -->
  <testcase classname="TestCases.com_testcase_staleelementException" name="enterContactInformation" time="0.0">
    <skipped/>
  </testcase> <!-- enterContactInformation -->
  <testcase classname="TestCases.com_testcase_switchgToWindow" name="navigateToNewWindow" time="0.0">
    <skipped/>
  </testcase> <!-- navigateToNewWindow -->
  <testcase classname="TestCases.com_testcase_calender" name="enterContactInformation" time="0.0">
    <skipped/>
  </testcase> <!-- enterContactInformation -->
  <testcase classname="TestCases.com_testcase_pagination" name="enterContactInformation" time="0.0">
    <skipped/>
  </testcase> <!-- enterContactInformation -->
</testsuite> <!-- class -->
